  [1m[35m (4710.0ms)[0m  [1m[35mCREATE DATABASE "news_app_api_development" ENCODING = 'unicode'[0m
  [1m[35m (1977.8ms)[0m  [1m[35mCREATE DATABASE "news_app_api_test" ENCODING = 'unicode'[0m
  [1m[35m (59.2ms)[0m  [1m[35mCREATE TABLE "schema_migrations" ("version" character varying NOT NULL PRIMARY KEY)[0m
  [1m[35m (9.5ms)[0m  [1m[35mCREATE TABLE "ar_internal_metadata" ("key" character varying NOT NULL PRIMARY KEY, "value" character varying, "created_at" timestamp(6) NOT NULL, "updated_at" timestamp(6) NOT NULL)[0m
  [1m[35m (1.2ms)[0m  [1m[34mSELECT pg_try_advisory_lock(7545661595133392745)[0m
  [1m[35m (1.1ms)[0m  [1m[34mSELECT "schema_migrations"."version" FROM "schema_migrations" ORDER BY "schema_migrations"."version" ASC[0m
Migrating to CreateUsers (20200801160656)
  [1m[35m (0.2ms)[0m  [1m[35mBEGIN[0m
  [1m[35m (30.1ms)[0m  [1m[35mCREATE TABLE "users" ("id" bigserial primary key, "username" character varying, "password_digest" character varying, "created_at" timestamp(6) NOT NULL, "updated_at" timestamp(6) NOT NULL)[0m
  [1m[36mprimary::SchemaMigration Create (2.6ms)[0m  [1m[32mINSERT INTO "schema_migrations" ("version") VALUES ($1) RETURNING "version"[0m  [["version", "20200801160656"]]
  [1m[35m (4.0ms)[0m  [1m[35mCOMMIT[0m
  [1m[36mActiveRecord::InternalMetadata Load (0.8ms)[0m  [1m[34mSELECT "ar_internal_metadata".* FROM "ar_internal_metadata" WHERE "ar_internal_metadata"."key" = $1 LIMIT $2[0m  [["key", "environment"], ["LIMIT", 1]]
  [1m[35m (0.3ms)[0m  [1m[35mBEGIN[0m
  [1m[36mActiveRecord::InternalMetadata Create (1.9ms)[0m  [1m[32mINSERT INTO "ar_internal_metadata" ("key", "value", "created_at", "updated_at") VALUES ($1, $2, $3, $4) RETURNING "key"[0m  [["key", "environment"], ["value", "development"], ["created_at", "2020-08-01 16:09:46.395234"], ["updated_at", "2020-08-01 16:09:46.395234"]]
  [1m[35m (2.1ms)[0m  [1m[35mCOMMIT[0m
  [1m[35m (0.4ms)[0m  [1m[34mSELECT pg_advisory_unlock(7545661595133392745)[0m
  [1m[35m (1.1ms)[0m  [1m[34mSELECT "schema_migrations"."version" FROM "schema_migrations" ORDER BY "schema_migrations"."version" ASC[0m
  [1m[35m (0.6ms)[0m  [1m[35mBEGIN[0m
  [1m[36mUser Create (4.3ms)[0m  [1m[32mINSERT INTO "users" ("username", "password_digest", "created_at", "updated_at") VALUES ($1, $2, $3, $4) RETURNING "id"[0m  [["username", "Katie"], ["password_digest", "$2a$12$CAcEPYDL9uuiAV7980RZ6umXGNje37IhU1QPcClrKC4uDhIbuc6AW"], ["created_at", "2020-08-01 16:44:11.394155"], ["updated_at", "2020-08-01 16:44:11.394155"]]
  [1m[35m (0.7ms)[0m  [1m[35mCOMMIT[0m
Started POST "/login" for ::1 at 2020-08-01 13:01:17 -0400
  [1m[35m (3.5ms)[0m  [1m[34mSELECT "schema_migrations"."version" FROM "schema_migrations" ORDER BY "schema_migrations"."version" ASC[0m
  
ActionController::RoutingError (No route matches [POST] "/login"):
  
actionpack (6.0.3.2) lib/action_dispatch/middleware/debug_exceptions.rb:36:in `call'
actionpack (6.0.3.2) lib/action_dispatch/middleware/show_exceptions.rb:33:in `call'
railties (6.0.3.2) lib/rails/rack/logger.rb:37:in `call_app'
railties (6.0.3.2) lib/rails/rack/logger.rb:26:in `block in call'
activesupport (6.0.3.2) lib/active_support/tagged_logging.rb:80:in `block in tagged'
activesupport (6.0.3.2) lib/active_support/tagged_logging.rb:28:in `tagged'
activesupport (6.0.3.2) lib/active_support/tagged_logging.rb:80:in `tagged'
railties (6.0.3.2) lib/rails/rack/logger.rb:26:in `call'
actionpack (6.0.3.2) lib/action_dispatch/middleware/remote_ip.rb:81:in `call'
actionpack (6.0.3.2) lib/action_dispatch/middleware/request_id.rb:27:in `call'
rack (2.2.3) lib/rack/runtime.rb:22:in `call'
activesupport (6.0.3.2) lib/active_support/cache/strategy/local_cache_middleware.rb:29:in `call'
actionpack (6.0.3.2) lib/action_dispatch/middleware/executor.rb:14:in `call'
actionpack (6.0.3.2) lib/action_dispatch/middleware/static.rb:126:in `call'
rack (2.2.3) lib/rack/sendfile.rb:110:in `call'
actionpack (6.0.3.2) lib/action_dispatch/middleware/host_authorization.rb:82:in `call'
railties (6.0.3.2) lib/rails/engine.rb:527:in `call'
puma (4.3.5) lib/puma/configuration.rb:228:in `call'
puma (4.3.5) lib/puma/server.rb:713:in `handle_request'
puma (4.3.5) lib/puma/server.rb:472:in `process_client'
puma (4.3.5) lib/puma/server.rb:328:in `block in run'
puma (4.3.5) lib/puma/thread_pool.rb:134:in `block in spawn_thread'
Started POST "/users/login" for ::1 at 2020-08-01 13:01:58 -0400
  
SyntaxError (/Users/katie/Desktop/portfolio_repo/capstone_project/informed_app/news_app_api/app/controllers/users_controller.rb:42: syntax error, unexpected '=', expecting ';' or '\n'
  def LOGINuser = User.find_by(username: param...
                ^
/Users/katie/Desktop/portfolio_repo/capstone_project/informed_app/news_app_api/app/controllers/users_controller.rb:60: syntax error, unexpected end, expecting end-of-input):
  
app/controllers/users_controller.rb:42: syntax error, unexpected '=', expecting ';' or '\n'
app/controllers/users_controller.rb:60: syntax error, unexpected end, expecting end-of-input
app/controllers/users_controller.rb:42: syntax error, unexpected '=', expecting ';' or '\n'
app/controllers/users_controller.rb:60: syntax error, unexpected end, expecting end-of-input
Started POST "/users/login" for ::1 at 2020-08-01 13:02:36 -0400
Processing by UsersController#login as */*
  Parameters: {"user"=>{"username"=>"Katie", "password"=>"[FILTERED]"}}
  [1m[36mUser Load (12.0ms)[0m  [1m[34mSELECT "users".* FROM "users" WHERE "users"."username" = $1 LIMIT $2[0m  [["username", "Katie"], ["LIMIT", 1]]
  ↳ app/controllers/users_controller.rb:43:in `login'
Completed 200 OK in 537ms (Views: 0.2ms | ActiveRecord: 163.2ms | Allocations: 5375)


  [1m[35m (0.2ms)[0m  [1m[35mBEGIN[0m
  [1m[36mUser Create (17.3ms)[0m  [1m[32mINSERT INTO "users" ("username", "password_digest", "created_at", "updated_at") VALUES ($1, $2, $3, $4) RETURNING "id"[0m  [["username", "Katie"], ["password_digest", "$2a$12$r0GoKL5GUlls/4qRvgW3guCqHpRGotMdVjLtNu0hkEJ5c1ZXpUA3a"], ["created_at", "2020-08-01 17:03:58.471538"], ["updated_at", "2020-08-01 17:03:58.471538"]]
  [1m[35m (1.1ms)[0m  [1m[35mCOMMIT[0m
Started POST "/users/login" for ::1 at 2020-08-01 13:04:18 -0400
  [1m[35m (0.7ms)[0m  [1m[34mSELECT "schema_migrations"."version" FROM "schema_migrations" ORDER BY "schema_migrations"."version" ASC[0m
Processing by UsersController#login as */*
  Parameters: {"user"=>{"username"=>"Katie", "password"=>"[FILTERED]"}}
  [1m[36mUser Load (8.4ms)[0m  [1m[34mSELECT "users".* FROM "users" WHERE "users"."username" = $1 LIMIT $2[0m  [["username", "Katie"], ["LIMIT", 1]]
  ↳ app/controllers/users_controller.rb:43:in `login'
Completed 200 OK in 379ms (Views: 0.3ms | ActiveRecord: 16.7ms | Allocations: 5358)


Started POST "/users/login" for ::1 at 2020-08-01 13:05:55 -0400
  [1m[35m (0.8ms)[0m  [1m[34mSELECT "schema_migrations"."version" FROM "schema_migrations" ORDER BY "schema_migrations"."version" ASC[0m
Processing by UsersController#login as */*
  Parameters: {"user"=>{"username"=>"Katie", "password"=>"[FILTERED]"}}
  [1m[36mUser Load (0.7ms)[0m  [1m[34mSELECT "users".* FROM "users" WHERE "users"."username" = $1 LIMIT $2[0m  [["username", "Katie"], ["LIMIT", 1]]
  ↳ app/controllers/users_controller.rb:43:in `login'
Completed 200 OK in 431ms (Views: 0.9ms | ActiveRecord: 47.2ms | Allocations: 5360)


Started POST "/users/login" for ::1 at 2020-08-01 13:27:26 -0400
  [1m[35m (0.8ms)[0m  [1m[34mSELECT "schema_migrations"."version" FROM "schema_migrations" ORDER BY "schema_migrations"."version" ASC[0m
Processing by UsersController#login as */*
  Parameters: {"user"=>{"username"=>"Katie", "password"=>"[FILTERED]"}}
  [1m[36mUser Load (1.5ms)[0m  [1m[34mSELECT "users".* FROM "users" WHERE "users"."username" = $1 LIMIT $2[0m  [["username", "Katie"], ["LIMIT", 1]]
  ↳ app/controllers/users_controller.rb:43:in `login'
Completed 200 OK in 358ms (Views: 0.8ms | ActiveRecord: 9.7ms | Allocations: 5356)


Started GET "/users" for ::1 at 2020-08-01 14:23:32 -0400
  [1m[35m (0.9ms)[0m  [1m[34mSELECT "schema_migrations"."version" FROM "schema_migrations" ORDER BY "schema_migrations"."version" ASC[0m
Processing by UsersController#index as HTML
  [1m[36mUser Load (25.2ms)[0m  [1m[34mSELECT "users".* FROM "users"[0m
  ↳ app/controllers/users_controller.rb:9:in `index'
Completed 200 OK in 71ms (Views: 17.8ms | ActiveRecord: 40.9ms | Allocations: 5287)


Started GET "/users/1" for ::1 at 2020-08-01 14:52:54 -0400
  [1m[35m (0.7ms)[0m  [1m[34mSELECT "schema_migrations"."version" FROM "schema_migrations" ORDER BY "schema_migrations"."version" ASC[0m
Processing by UsersController#show as HTML
  Parameters: {"id"=>"1"}
  [1m[36mUser Load (1.1ms)[0m  [1m[34mSELECT "users".* FROM "users" WHERE "users"."id" = $1 LIMIT $2[0m  [["id", 1], ["LIMIT", 1]]
  ↳ app/controllers/users_controller.rb:56:in `set_user'
Filter chain halted as :authenticate_token rendered or redirected
Completed 200 OK in 45ms (Views: 0.3ms | ActiveRecord: 8.8ms | Allocations: 5316)


  [1m[35m (0.2ms)[0m  [1m[35mBEGIN[0m
  [1m[36mUser Create (24.6ms)[0m  [1m[32mINSERT INTO "users" ("username", "password_digest", "created_at", "updated_at") VALUES ($1, $2, $3, $4) RETURNING "id"[0m  [["username", "Gollum"], ["password_digest", "$2a$12$NJeMf5ktXPwefocQXqOqr.egYNIvmKmC99SzKRBIRBg75GNZuieIa"], ["created_at", "2020-08-01 19:05:58.071375"], ["updated_at", "2020-08-01 19:05:58.071375"]]
  [1m[35m (8.9ms)[0m  [1m[35mCOMMIT[0m
Started POST "/users/login" for ::1 at 2020-08-01 15:07:00 -0400
  [1m[35m (0.7ms)[0m  [1m[34mSELECT "schema_migrations"."version" FROM "schema_migrations" ORDER BY "schema_migrations"."version" ASC[0m
  
SyntaxError (/Users/katie/Desktop/portfolio_repo/capstone_project/informed_app/news_app_api/app/controllers/users_controller.rb:90: syntax error, unexpected end-of-input, expecting end):
  
app/controllers/users_controller.rb:90: syntax error, unexpected end-of-input, expecting end
app/controllers/users_controller.rb:90: syntax error, unexpected end-of-input, expecting end
Started POST "/users/login" for ::1 at 2020-08-01 15:07:44 -0400
Processing by UsersController#login as */*
  Parameters: {"user"=>{"username"=>"Gollum", "password"=>"[FILTERED]"}}
  [1m[36mUser Load (8.6ms)[0m  [1m[34mSELECT "users".* FROM "users" WHERE "users"."username" = $1 LIMIT $2[0m  [["username", "Gollum"], ["LIMIT", 1]]
  ↳ app/controllers/users_controller.rb:53:in `login'
Completed 200 OK in 408ms (Views: 2.2ms | ActiveRecord: 16.3ms | Allocations: 5624)


Started GET "/users/3" for ::1 at 2020-08-01 15:08:10 -0400
Processing by UsersController#show as HTML
  Parameters: {"id"=>"3"}
  [1m[36mUser Load (2.3ms)[0m  [1m[34mSELECT "users".* FROM "users" WHERE "users"."id" = $1 LIMIT $2[0m  [["id", 3], ["LIMIT", 1]]
  ↳ app/controllers/users_controller.rb:65:in `set_user'
Filter chain halted as :authenticate_token rendered or redirected
Completed 200 OK in 7ms (Views: 0.3ms | ActiveRecord: 2.3ms | Allocations: 826)


